INFO[2023-04-11 23:22:28,190]: Unable to initialize backend 'cuda': module 'jaxlib.xla_extension' has no attribute 'GpuAllocatorConfig'
INFO[2023-04-11 23:22:28,191]: Unable to initialize backend 'rocm': module 'jaxlib.xla_extension' has no attribute 'GpuAllocatorConfig'
INFO[2023-04-11 23:22:28,191]: Unable to initialize backend 'tpu': INVALID_ARGUMENT: TpuPlatform is not available.
INFO[2023-04-11 23:22:28,191]: Unable to initialize backend 'plugin': xla_extension has no attributes named get_plugin_device_client. Compile TensorFlow with //tensorflow/compiler/xla/python:enable_plugin_device set to true (defaults to false) to enable this.
WARNING[2023-04-11 23:22:28,191]: No GPU/TPU found, falling back to CPU. (Set TF_CPP_MIN_LOG_LEVEL=0 and rerun for more info.)
SIMBA SAFETY LOAD DEBUG:	 get_args
3 i
bad login of ./SIMBA_jobstatus.dat attempt 1 in get_args
good login of ./SIMBA_jobstatus.dat in get_args
Beginning job 3 on job list SIMBAtest_status.dat with mode cont
Data loaded. Saving normalized lightcurve to ./Data/data_fake/clearsignal_contonly/banded_data.dat
SIMBA SAFETY LOAD DEBUG:	 start
3 i
good login of ./SIMBA_jobstatus.dat in start
{'Ncores': 8, 'Nchain': 300, 'Nburn': 200, 'Nsample': 200, 'step_size': 0.001, 'progress_bar': 1.0, 'targ_acc_prob': 0.9, 'ns_num_live': 0, 'ns_max_samples': 0}
Acquiring modes with nested sampling with 0 live points
In nested_burnin:	 num_live:	50	max_samples:	5000
Traceback (most recent call last):
  File "/data/uqhmcdou/HM_Lag_Recovery/LineFit01.py", line 126, in <module>
    main()
  File "/data/uqhmcdou/HM_Lag_Recovery/LineFit01.py", line 105, in main
    output, nest_seeds, nest_full = fit_single_source(banded_data, MCMC_params=MCMC_params, return_nested_full = True, return_nested_seeds=True) #Main MCMC run
  File "/data/uqhmcdou/HM_Lag_Recovery/fitting_procedure.py", line 84, in fit_single_source
    nest_seeds, nest_full       = nested_burnin(banded_data, nchains= [Nchain, 200*nmodes], num_live_points=num_live, max_samples=max_samples)
TypeError: cannot unpack non-iterable NoneType object
