INFO[2023-05-09 11:06:02,965]: Unable to initialize backend 'cuda': module 'jaxlib.xla_extension' has no attribute 'GpuAllocatorConfig'
INFO[2023-05-09 11:06:02,965]: Unable to initialize backend 'rocm': module 'jaxlib.xla_extension' has no attribute 'GpuAllocatorConfig'
INFO[2023-05-09 11:06:02,967]: Unable to initialize backend 'tpu': INVALID_ARGUMENT: TpuPlatform is not available.
INFO[2023-05-09 11:06:02,968]: Unable to initialize backend 'plugin': xla_extension has no attributes named get_plugin_device_client. Compile TensorFlow with //tensorflow/compiler/xla/python:enable_plugin_device set to true (defaults to false) to enable this.
WARNING[2023-05-09 11:06:02,968]: No GPU/TPU found, falling back to CPU. (Set TF_CPP_MIN_LOG_LEVEL=0 and rerun for more info.)
SIMBA SAFETY LOAD DEBUG:	 get_args
23 i
good login of ./SIMBA_jobstatus.dat in get_args
Traceback (most recent call last):
  File "/data/uqhmcdou/HM_Lag_Recovery/LineFit02.py", line 120, in <module>
    main()
  File "/data/uqhmcdou/HM_Lag_Recovery/LineFit02.py", line 56, in main
    cont  = array_to_lc(np.loadtxt(job_args["cont_url"]))
  File "/home/uqhmcdou/.conda/envs/lag_conda/lib/python3.10/site-packages/numpy/lib/npyio.py", line 1042, in loadtxt
    fh = np.lib._datasource.open(fname, 'rt', encoding=encoding)
  File "/home/uqhmcdou/.conda/envs/lag_conda/lib/python3.10/site-packages/numpy/lib/_datasource.py", line 193, in open
    return ds.open(path, mode, encoding=encoding, newline=newline)
  File "/home/uqhmcdou/.conda/envs/lag_conda/lib/python3.10/site-packages/numpy/lib/_datasource.py", line 532, in open
    raise FileNotFoundError(f"{path} not found.")
FileNotFoundError: ./data_shuffle./81-24-08/line2.datline1.datcont.dat not found.
